<?xml version="1.0" encoding="utf-8"?>
<test-run id="2" testcasecount="117" result="Failed(Child)" total="117" passed="116" failed="1" inconclusive="0" skipped="0" asserts="0" engine-version="3.5.0.0" clr-version="4.0.30319.42000" start-time="2026-06-20 18:58:02Z" end-time="2026-06-20 18:58:03Z" duration="0.8805209">
  <test-suite type="TestSuite" id="1133" name="gamefactory_nes-style-tetris-web-browser-game-7651" fullname="gamefactory_nes-style-tetris-web-browser-game-7651" runstate="Runnable" testcasecount="117" result="Failed" site="Child" start-time="2026-06-20 18:58:02Z" end-time="2026-06-20 18:58:03Z" duration="0.880521" total="117" passed="116" failed="1" inconclusive="0" skipped="0" asserts="0">
    <properties>
      <property name="platform" value="PlayMode" />
    </properties>
    <failure>
      <message><![CDATA[One or more child tests had errors]]></message>
    </failure>
    <test-suite type="Assembly" id="1130" name="GameTests.PlayMode.dll" fullname="C:/Users/Zeke/Git/ai-game-factory/Tools/workspace/gamefactory_nes-style-tetris-web-browser-game-7651/Library/ScriptAssemblies/GameTests.PlayMode.dll" runstate="Runnable" testcasecount="117" result="Failed" site="Child" start-time="2026-06-20 18:58:02Z" end-time="2026-06-20 18:58:03Z" duration="0.875591" total="117" passed="116" failed="1" inconclusive="0" skipped="0" asserts="0">
      <properties>
        <property name="_PID" value="2848" />
        <property name="_APPDOMAIN" value="Unity Child Domain" />
        <property name="platform" value="PlayMode" />
        <property name="EditorOnly" value="False" />
      </properties>
      <failure>
        <message><![CDATA[One or more child tests had errors]]></message>
      </failure>
      <test-suite type="TestFixture" id="1044" name="GameplayControllerPlayModeTests" fullname="GameplayControllerPlayModeTests" classname="GameplayControllerPlayModeTests" runstate="Runnable" testcasecount="11" result="Passed" start-time="2026-06-20 18:58:02Z" end-time="2026-06-20 18:58:02Z" duration="0.088334" total="11" passed="11" failed="0" inconclusive="0" skipped="0" asserts="0">
        <properties />
        <test-case id="1045" name="GameplayController_Awake_InitializesInIdleState" fullname="GameplayControllerPlayModeTests.GameplayController_Awake_InitializesInIdleState" methodname="GameplayController_Awake_InitializesInIdleState" classname="GameplayControllerPlayModeTests" runstate="Runnable" seed="1536588910" result="Passed" start-time="2026-06-20 18:58:02Z" end-time="2026-06-20 18:58:02Z" duration="0.011669" asserts="0">
          <properties>
            <property name="_JOINTYPE" value="UnityCombinatorial" />
            <property name="retryIteration" value="0" />
            <property name="repeatIteration" value="0" />
          </properties>
        </test-case>
        <test-case id="1052" name="GameplayController_ExtendedPlay_NoExceptions" fullname="GameplayControllerPlayModeTests.GameplayController_ExtendedPlay_NoExceptions" methodname="GameplayController_ExtendedPlay_NoExceptions" classname="GameplayControllerPlayModeTests" runstate="Runnable" seed="1191836659" result="Passed" start-time="2026-06-20 18:58:02Z" end-time="2026-06-20 18:58:02Z" duration="0.028068" asserts="0">
          <properties>
            <property name="_JOINTYPE" value="UnityCombinatorial" />
            <property name="retryIteration" value="0" />
            <property name="repeatIteration" value="0" />
          </properties>
        </test-case>
        <test-case id="1053" name="GameplayController_LevelDerivedFromLinesCleared" fullname="GameplayControllerPlayModeTests.GameplayController_LevelDerivedFromLinesCleared" methodname="GameplayController_LevelDerivedFromLinesCleared" classname="GameplayControllerPlayModeTests" runstate="Runnable" seed="452567365" result="Passed" start-time="2026-06-20 18:58:02Z" end-time="2026-06-20 18:58:02Z" duration="0.000688" asserts="0">
          <properties>
            <property name="_JOINTYPE" value="UnityCombinatorial" />
            <property name="retryIteration" value="0" />
            <property name="repeatIteration" value="0" />
          </properties>
        </test-case>
        <test-case id="1055" name="GameplayController_MultipleStartGames_ResetProperly" fullname="GameplayControllerPlayModeTests.GameplayController_MultipleStartGames_ResetProperly" methodname="GameplayController_MultipleStartGames_ResetProperly" classname="GameplayControllerPlayModeTests" runstate="Runnable" seed="530445772" result="Passed" start-time="2026-06-20 18:58:02Z" end-time="2026-06-20 18:58:02Z" duration="0.006086" asserts="0">
          <properties>
            <property name="_JOINTYPE" value="UnityCombinatorial" />
            <property name="retryIteration" value="0" />
            <property name="repeatIteration" value="0" />
          </properties>
        </test-case>
        <test-case id="1048" name="GameplayController_NextPiece_ReturnsValidType" fullname="GameplayControllerPlayModeTests.GameplayController_NextPiece_ReturnsValidType" methodname="GameplayController_NextPiece_ReturnsValidType" classname="GameplayControllerPlayModeTests" runstate="Runnable" seed="212697856" result="Passed" start-time="2026-06-20 18:58:02Z" end-time="2026-06-20 18:58:02Z" duration="0.000673" asserts="0">
          <properties>
            <property name="_JOINTYPE" value="UnityCombinatorial" />
            <property name="retryIteration" value="0" />
            <property name="repeatIteration" value="0" />
          </properties>
        </test-case>
        <test-case id="1054" name="GameplayController_OnGameOver_FiresWhenSpawnBlocked" fullname="GameplayControllerPlayModeTests.GameplayController_OnGameOver_FiresWhenSpawnBlocked" methodname="GameplayController_OnGameOver_FiresWhenSpawnBlocked" classname="GameplayControllerPlayModeTests" runstate="Runnable" seed="191524048" result="Passed" start-time="2026-06-20 18:58:02Z" end-time="2026-06-20 18:58:02Z" duration="0.029312" asserts="0">
          <properties>
            <property name="_JOINTYPE" value="UnityCombinatorial" />
            <property name="retryIteration" value="0" />
            <property name="repeatIteration" value="0" />
          </properties>
        </test-case>
        <test-case id="1049" name="GameplayController_OnStateChanged_FiresOnStartGame" fullname="GameplayControllerPlayModeTests.GameplayController_OnStateChanged_FiresOnStartGame" methodname="GameplayController_OnStateChanged_FiresOnStartGame" classname="GameplayControllerPlayModeTests" runstate="Runnable" seed="449078593" result="Passed" start-time="2026-06-20 18:58:02Z" end-time="2026-06-20 18:58:02Z" duration="0.000915" asserts="0">
          <properties>
            <property name="_JOINTYPE" value="UnityCombinatorial" />
            <property name="retryIteration" value="0" />
            <property name="repeatIteration" value="0" />
          </properties>
        </test-case>
        <test-case id="1050" name="GameplayController_Playfield_ClearsOnStartGame" fullname="GameplayControllerPlayModeTests.GameplayController_Playfield_ClearsOnStartGame" methodname="GameplayController_Playfield_ClearsOnStartGame" classname="GameplayControllerPlayModeTests" runstate="Runnable" seed="488872220" result="Passed" start-time="2026-06-20 18:58:02Z" end-time="2026-06-20 18:58:02Z" duration="0.000711" asserts="0">
          <properties>
            <property name="_JOINTYPE" value="UnityCombinatorial" />
            <property name="retryIteration" value="0" />
            <property name="repeatIteration" value="0" />
          </properties>
        </test-case>
        <test-case id="1046" name="GameplayController_StartGame_ResetsState" fullname="GameplayControllerPlayModeTests.GameplayController_StartGame_ResetsState" methodname="GameplayController_StartGame_ResetsState" classname="GameplayControllerPlayModeTests" runstate="Runnable" seed="336655307" result="Passed" start-time="2026-06-20 18:58:02Z" end-time="2026-06-20 18:58:02Z" duration="0.000649" asserts="0">
          <properties>
            <property name="_JOINTYPE" value="UnityCombinatorial" />
            <property name="retryIteration" value="0" />
            <property name="repeatIteration" value="0" />
          </properties>
        </test-case>
        <test-case id="1047" name="GameplayController_StartGame_SpawnsFirstPiece" fullname="GameplayControllerPlayModeTests.GameplayController_StartGame_SpawnsFirstPiece" methodname="GameplayController_StartGame_SpawnsFirstPiece" classname="GameplayControllerPlayModeTests" runstate="Runnable" seed="1306216929" result="Passed" start-time="2026-06-20 18:58:02Z" end-time="2026-06-20 18:58:02Z" duration="0.000827" asserts="0">
          <properties>
            <property name="_JOINTYPE" value="UnityCombinatorial" />
            <property name="retryIteration" value="0" />
            <property name="repeatIteration" value="0" />
          </properties>
        </test-case>
        <test-case id="1051" name="GameplayController_Tick_DoesNotThrowWithoutStartGame" fullname="GameplayControllerPlayModeTests.GameplayController_Tick_DoesNotThrowWithoutStartGame" methodname="GameplayController_Tick_DoesNotThrowWithoutStartGame" classname="GameplayControllerPlayModeTests" runstate="Runnable" seed="866544904" result="Passed" start-time="2026-06-20 18:58:02Z" end-time="2026-06-20 18:58:02Z" duration="0.000686" asserts="0">
          <properties>
            <property name="_JOINTYPE" value="UnityCombinatorial" />
            <property name="retryIteration" value="0" />
            <property name="repeatIteration" value="0" />
          </properties>
        </test-case>
      </test-suite>
      <test-suite type="TestFixture" id="1001" name="GameScreenLevelWidgetTests" fullname="GameScreenLevelWidgetTests" classname="GameScreenLevelWidgetTests" runstate="Runnable" testcasecount="6" result="Passed" start-time="2026-06-20 18:58:02Z" end-time="2026-06-20 18:58:02Z" duration="0.034146" total="6" passed="6" failed="0" inconclusive="0" skipped="0" asserts="0">
        <properties />
        <test-case id="1006" name="HeaderLabel_RemainsUnchanged" fullname="GameScreenLevelWidgetTests.HeaderLabel_RemainsUnchanged" methodname="HeaderLabel_RemainsUnchanged" classname="GameScreenLevelWidgetTests" runstate="Runnable" seed="22204051" result="Passed" start-time="2026-06-20 18:58:02Z" end-time="2026-06-20 18:58:02Z" duration="0.029072" asserts="0">
          <properties>
            <property name="_JOINTYPE" value="UnityCombinatorial" />
            <property name="retryIteration" value="0" />
            <property name="repeatIteration" value="0" />
          </properties>
        </test-case>
        <test-case id="1004" name="UpdateLevel_15_Displays15" fullname="GameScreenLevelWidgetTests.UpdateLevel_15_Displays15" methodname="UpdateLevel_15_Displays15" classname="GameScreenLevelWidgetTests" runstate="Runnable" seed="1839929450" result="Passed" start-time="2026-06-20 18:58:02Z" end-time="2026-06-20 18:58:02Z" duration="0.000873" asserts="0">
          <properties>
            <property name="_JOINTYPE" value="UnityCombinatorial" />
            <property name="retryIteration" value="0" />
            <property name="repeatIteration" value="0" />
          </properties>
        </test-case>
        <test-case id="1003" name="UpdateLevel_9_Displays09" fullname="GameScreenLevelWidgetTests.UpdateLevel_9_Displays09" methodname="UpdateLevel_9_Displays09" classname="GameScreenLevelWidgetTests" runstate="Runnable" seed="203573513" result="Passed" start-time="2026-06-20 18:58:02Z" end-time="2026-06-20 18:58:02Z" duration="0.000817" asserts="0">
          <properties>
            <property name="_JOINTYPE" value="UnityCombinatorial" />
            <property name="retryIteration" value="0" />
            <property name="repeatIteration" value="0" />
          </properties>
        </test-case>
        <test-case id="1007" name="UpdateLevel_InitialValue_ShowsZeroPadded" fullname="GameScreenLevelWidgetTests.UpdateLevel_InitialValue_ShowsZeroPadded" methodname="UpdateLevel_InitialValue_ShowsZeroPadded" classname="GameScreenLevelWidgetTests" runstate="Runnable" seed="1754631658" result="Passed" start-time="2026-06-20 18:58:02Z" end-time="2026-06-20 18:58:02Z" duration="0.000792" asserts="0">
          <properties>
            <property name="_JOINTYPE" value="UnityCombinatorial" />
            <property name="retryIteration" value="0" />
            <property name="repeatIteration" value="0" />
          </properties>
        </test-case>
        <test-case id="1005" name="UpdateLevel_MultipleCalls_UpdatesCorrectly" fullname="GameScreenLevelWidgetTests.UpdateLevel_MultipleCalls_UpdatesCorrectly" methodname="UpdateLevel_MultipleCalls_UpdatesCorrectly" classname="GameScreenLevelWidgetTests" runstate="Runnable" seed="593628538" result="Passed" start-time="2026-06-20 18:58:02Z" end-time="2026-06-20 18:58:02Z" duration="0.001027" asserts="0">
          <properties>
            <property name="_JOINTYPE" value="UnityCombinatorial" />
            <property name="retryIteration" value="0" />
            <property name="repeatIteration" value="0" />
          </properties>
        </test-case>
        <test-case id="1002" name="UpdateLevel_Zero_Displays00" fullname="GameScreenLevelWidgetTests.UpdateLevel_Zero_Displays00" methodname="UpdateLevel_Zero_Displays00" classname="GameScreenLevelWidgetTests" runstate="Runnable" seed="2072952700" result="Passed" start-time="2026-06-20 18:58:02Z" end-time="2026-06-20 18:58:02Z" duration="0.000751" asserts="0">
          <properties>
            <property name="_JOINTYPE" value="UnityCombinatorial" />
            <property name="retryIteration" value="0" />
            <property name="repeatIteration" value="0" />
          </properties>
        </test-case>
      </test-suite>
      <test-suite type="TestFixture" id="1008" name="GameScreenLinesWidgetTests" fullname="GameScreenLinesWidgetTests" classname="GameScreenLinesWidgetTests" runstate="Runnable" testcasecount="6" result="Passed" start-time="2026-06-20 18:58:02Z" end-time="2026-06-20 18:58:02Z" duration="0.006383" total="6" passed="6" failed="0" inconclusive="0" skipped="0" asserts="0">
        <properties />
        <test-case id="1013" name="HeaderLabel_RemainsUnchanged" fullname="GameScreenLinesWidgetTests.HeaderLabel_RemainsUnchanged" methodname="HeaderLabel_RemainsUnchanged" classname="GameScreenLinesWidgetTests" runstate="Runnable" seed="926713033" result="Passed" start-time="2026-06-20 18:58:02Z" end-time="2026-06-20 18:58:02Z" duration="0.001401" asserts="0">
          <properties>
            <property name="_JOINTYPE" value="UnityCombinatorial" />
            <property name="retryIteration" value="0" />
            <property name="repeatIteration" value="0" />
          </properties>
        </test-case>
        <test-case id="1011" name="UpdateLines_130_Displays130" fullname="GameScreenLinesWidgetTests.UpdateLines_130_Displays130" methodname="UpdateLines_130_Displays130" classname="GameScreenLinesWidgetTests" runstate="Runnable" seed="1682772775" result="Passed" start-time="2026-06-20 18:58:02Z" end-time="2026-06-20 18:58:02Z" duration="0.000785" asserts="0">
          <properties>
            <property name="_JOINTYPE" value="UnityCombinatorial" />
            <property name="retryIteration" value="0" />
            <property name="repeatIteration" value="0" />
          </properties>
        </test-case>
        <test-case id="1010" name="UpdateLines_40_Displays040" fullname="GameScreenLinesWidgetTests.UpdateLines_40_Displays040" methodname="UpdateLines_40_Displays040" classname="GameScreenLinesWidgetTests" runstate="Runnable" seed="1681919216" result="Passed" start-time="2026-06-20 18:58:02Z" end-time="2026-06-20 18:58:02Z" duration="0.000740" asserts="0">
          <properties>
            <property name="_JOINTYPE" value="UnityCombinatorial" />
            <property name="retryIteration" value="0" />
            <property name="repeatIteration" value="0" />
          </properties>
        </test-case>
        <test-case id="1014" name="UpdateLines_InitialValue_ShowsZeroPadded" fullname="GameScreenLinesWidgetTests.UpdateLines_InitialValue_ShowsZeroPadded" methodname="UpdateLines_InitialValue_ShowsZeroPadded" classname="GameScreenLinesWidgetTests" runstate="Runnable" seed="1397920055" result="Passed" start-time="2026-06-20 18:58:02Z" end-time="2026-06-20 18:58:02Z" duration="0.000765" asserts="0">
          <properties>
            <property name="_JOINTYPE" value="UnityCombinatorial" />
            <property name="retryIteration" value="0" />
            <property name="repeatIteration" value="0" />
          </properties>
        </test-case>
        <test-case id="1012" name="UpdateLines_MultipleCalls_UpdatesCorrectly" fullname="GameScreenLinesWidgetTests.UpdateLines_MultipleCalls_UpdatesCorrectly" methodname="UpdateLines_MultipleCalls_UpdatesCorrectly" classname="GameScreenLinesWidgetTests" runstate="Runnable" seed="2115623338" result="Passed" start-time="2026-06-20 18:58:02Z" end-time="2026-06-20 18:58:02Z" duration="0.000894" asserts="0">
          <properties>
            <property name="_JOINTYPE" value="UnityCombinatorial" />
            <property name="retryIteration" value="0" />
            <property name="repeatIteration" value="0" />
          </properties>
        </test-case>
        <test-case id="1009" name="UpdateLines_Zero_Displays000" fullname="GameScreenLinesWidgetTests.UpdateLines_Zero_Displays000" methodname="UpdateLines_Zero_Displays000" classname="GameScreenLinesWidgetTests" runstate="Runnable" seed="1674435064" result="Passed" start-time="2026-06-20 18:58:02Z" end-time="2026-06-20 18:58:02Z" duration="0.000939" asserts="0">
          <properties>
            <property name="_JOINTYPE" value="UnityCombinatorial" />
            <property name="retryIteration" value="0" />
            <property name="repeatIteration" value="0" />
          </properties>
        </test-case>
      </test-suite>
      <test-suite type="TestFixture" id="1015" name="GameScreenNextWidgetTests" fullname="GameScreenNextWidgetTests" classname="GameScreenNextWidgetTests" runstate="Runnable" testcasecount="10" result="Passed" start-time="2026-06-20 18:58:02Z" end-time="2026-06-20 18:58:02Z" duration="0.022113" total="10" passed="10" failed="0" inconclusive="0" skipped="0" asserts="0">
        <properties />
        <test-case id="1017" name="Awake_Creates16ImageCells" fullname="GameScreenNextWidgetTests.Awake_Creates16ImageCells" methodname="Awake_Creates16ImageCells" classname="GameScreenNextWidgetTests" runstate="Runnable" seed="759128714" result="Passed" start-time="2026-06-20 18:58:02Z" end-time="2026-06-20 18:58:02Z" duration="0.010082" asserts="0">
          <properties>
            <property name="_JOINTYPE" value="UnityCombinatorial" />
            <property name="retryIteration" value="0" />
            <property name="repeatIteration" value="0" />
          </properties>
        </test-case>
        <test-case id="1016" name="Awake_CreatesGridContainer" fullname="GameScreenNextWidgetTests.Awake_CreatesGridContainer" methodname="Awake_CreatesGridContainer" classname="GameScreenNextWidgetTests" runstate="Runnable" seed="1932505714" result="Passed" start-time="2026-06-20 18:58:02Z" end-time="2026-06-20 18:58:02Z" duration="0.000988" asserts="0">
          <properties>
            <property name="_JOINTYPE" value="UnityCombinatorial" />
            <property name="retryIteration" value="0" />
            <property name="repeatIteration" value="0" />
          </properties>
        </test-case>
        <test-case id="1025" name="BlockSpritesProperty_ReturnsAssignedSprites" fullname="GameScreenNextWidgetTests.BlockSpritesProperty_ReturnsAssignedSprites" methodname="BlockSpritesProperty_ReturnsAssignedSprites" classname="GameScreenNextWidgetTests" runstate="Runnable" seed="378666784" result="Passed" start-time="2026-06-20 18:58:02Z" end-time="2026-06-20 18:58:02Z" duration="0.000980" asserts="0">
          <properties>
            <property name="_JOINTYPE" value="UnityCombinatorial" />
            <property name="retryIteration" value="0" />
            <property name="repeatIteration" value="0" />
          </properties>
        </test-case>
        <test-case id="1022" name="HeaderLabel_RemainsUnchanged" fullname="GameScreenNextWidgetTests.HeaderLabel_RemainsUnchanged" methodname="HeaderLabel_RemainsUnchanged" classname="GameScreenNextWidgetTests" runstate="Runnable" seed="1498397176" result="Passed" start-time="2026-06-20 18:58:02Z" end-time="2026-06-20 18:58:02Z" duration="0.001391" asserts="0">
          <properties>
            <property name="_JOINTYPE" value="UnityCombinatorial" />
            <property name="retryIteration" value="0" />
            <property name="repeatIteration" value="0" />
          </properties>
        </test-case>
        <test-case id="1024" name="UpdateNextPiece_AllPieceTypes_DoesNotThrow" fullname="GameScreenNextWidgetTests.UpdateNextPiece_AllPieceTypes_DoesNotThrow" methodname="UpdateNextPiece_AllPieceTypes_DoesNotThrow" classname="GameScreenNextWidgetTests" runstate="Runnable" seed="1494329496" result="Passed" start-time="2026-06-20 18:58:02Z" end-time="2026-06-20 18:58:02Z" duration="0.001447" asserts="0">
          <properties>
            <property name="_JOINTYPE" value="UnityCombinatorial" />
            <property name="retryIteration" value="0" />
            <property name="repeatIteration" value="0" />
          </properties>
        </test-case>
        <test-case id="1018" name="UpdateNextPiece_I_DisplaysHorizontalBar" fullname="GameScreenNextWidgetTests.UpdateNextPiece_I_DisplaysHorizontalBar" methodname="UpdateNextPiece_I_DisplaysHorizontalBar" classname="GameScreenNextWidgetTests" runstate="Runnable" seed="1386618309" result="Passed" start-time="2026-06-20 18:58:02Z" end-time="2026-06-20 18:58:02Z" duration="0.001326" asserts="0">
          <properties>
            <property name="_JOINTYPE" value="UnityCombinatorial" />
            <property name="retryIteration" value="0" />
            <property name="repeatIteration" value="0" />
          </properties>
        </test-case>
        <test-case id="1021" name="UpdateNextPiece_MultipleCalls_UpdatesCorrectly" fullname="GameScreenNextWidgetTests.UpdateNextPiece_MultipleCalls_UpdatesCorrectly" methodname="UpdateNextPiece_MultipleCalls_UpdatesCorrectly" classname="GameScreenNextWidgetTests" runstate="Runnable" seed="1448258461" result="Passed" start-time="2026-06-20 18:58:02Z" end-time="2026-06-20 18:58:02Z" duration="0.001060" asserts="0">
          <properties>
            <property name="_JOINTYPE" value="UnityCombinatorial" />
            <property name="retryIteration" value="0" />
            <property name="repeatIteration" value="0" />
          </properties>
        </test-case>
        <test-case id="1019" name="UpdateNextPiece_O_Displays2x2Square" fullname="GameScreenNextWidgetTests.UpdateNextPiece_O_Displays2x2Square" methodname="UpdateNextPiece_O_Displays2x2Square" classname="GameScreenNextWidgetTests" runstate="Runnable" seed="1142993295" result="Passed" start-time="2026-06-20 18:58:02Z" end-time="2026-06-20 18:58:02Z" duration="0.001349" asserts="0">
          <properties>
            <property name="_JOINTYPE" value="UnityCombinatorial" />
            <property name="retryIteration" value="0" />
            <property name="repeatIteration" value="0" />
          </properties>
        </test-case>
        <test-case id="1020" name="UpdateNextPiece_T_DisplaysCorrectShape" fullname="GameScreenNextWidgetTests.UpdateNextPiece_T_DisplaysCorrectShape" methodname="UpdateNextPiece_T_DisplaysCorrectShape" classname="GameScreenNextWidgetTests" runstate="Runnable" seed="1507898436" result="Passed" start-time="2026-06-20 18:58:02Z" end-time="2026-06-20 18:58:02Z" duration="0.001314" asserts="0">
          <properties>
            <property name="_JOINTYPE" value="UnityCombinatorial" />
            <property name="retryIteration" value="0" />
            <property name="repeatIteration" value="0" />
          </properties>
        </test-case>
        <test-case id="1023" name="UpdateNextPiece_WithoutSprites_DoesNotThrow" fullname="GameScreenNextWidgetTests.UpdateNextPiece_WithoutSprites_DoesNotThrow" methodname="UpdateNextPiece_WithoutSprites_DoesNotThrow" classname="GameScreenNextWidgetTests" runstate="Runnable" seed="1235349176" result="Passed" start-time="2026-06-20 18:58:02Z" end-time="2026-06-20 18:58:02Z" duration="0.000889" asserts="0">
          <properties>
            <property name="_JOINTYPE" value="UnityCombinatorial" />
            <property name="retryIteration" value="0" />
            <property name="repeatIteration" value="0" />
          </properties>
        </test-case>
      </test-suite>
      <test-suite type="TestFixture" id="1026" name="GameScreenScoreWidgetTests" fullname="GameScreenScoreWidgetTests" classname="GameScreenScoreWidgetTests" runstate="Runnable" testcasecount="6" result="Passed" start-time="2026-06-20 18:58:02Z" end-time="2026-06-20 18:58:02Z" duration="0.009598" total="6" passed="6" failed="0" inconclusive="0" skipped="0" asserts="0">
        <properties />
        <test-case id="1031" name="HeaderLabel_RemainsUnchanged" fullname="GameScreenScoreWidgetTests.HeaderLabel_RemainsUnchanged" methodname="HeaderLabel_RemainsUnchanged" classname="GameScreenScoreWidgetTests" runstate="Runnable" seed="1019181875" result="Passed" start-time="2026-06-20 18:58:02Z" end-time="2026-06-20 18:58:02Z" duration="0.001585" asserts="0">
          <properties>
            <property name="_JOINTYPE" value="UnityCombinatorial" />
            <property name="retryIteration" value="0" />
            <property name="repeatIteration" value="0" />
          </properties>
        </test-case>
        <test-case id="1028" name="UpdateScore_1200_Displays0001200" fullname="GameScreenScoreWidgetTests.UpdateScore_1200_Displays0001200" methodname="UpdateScore_1200_Displays0001200" classname="GameScreenScoreWidgetTests" runstate="Runnable" seed="1894889743" result="Passed" start-time="2026-06-20 18:58:02Z" end-time="2026-06-20 18:58:02Z" duration="0.000930" asserts="0">
          <properties>
            <property name="_JOINTYPE" value="UnityCombinatorial" />
            <property name="retryIteration" value="0" />
            <property name="repeatIteration" value="0" />
          </properties>
        </test-case>
        <test-case id="1029" name="UpdateScore_9999999_Displays9999999" fullname="GameScreenScoreWidgetTests.UpdateScore_9999999_Displays9999999" methodname="UpdateScore_9999999_Displays9999999" classname="GameScreenScoreWidgetTests" runstate="Runnable" seed="953248276" result="Passed" start-time="2026-06-20 18:58:02Z" end-time="2026-06-20 18:58:02Z" duration="0.003538" asserts="0">
          <properties>
            <property name="_JOINTYPE" value="UnityCombinatorial" />
            <property name="retryIteration" value="0" />
            <property name="repeatIteration" value="0" />
          </properties>
        </test-case>
        <test-case id="1032" name="UpdateScore_InitialValue_ShowsZeroPadded" fullname="GameScreenScoreWidgetTests.UpdateScore_InitialValue_ShowsZeroPadded" methodname="UpdateScore_InitialValue_ShowsZeroPadded" classname="GameScreenScoreWidgetTests" runstate="Runnable" seed="1700900790" result="Passed" start-time="2026-06-20 18:58:02Z" end-time="2026-06-20 18:58:02Z" duration="0.000846" asserts="0">
          <properties>
            <property name="_JOINTYPE" value="UnityCombinatorial" />
            <property name="retryIteration" value="0" />
            <property name="repeatIteration" value="0" />
          </properties>
        </test-case>
        <test-case id="1030" name="UpdateScore_MultipleCalls_UpdatesCorrectly" fullname="GameScreenScoreWidgetTests.UpdateScore_MultipleCalls_UpdatesCorrectly" methodname="UpdateScore_MultipleCalls_UpdatesCorrectly" classname="GameScreenScoreWidgetTests" runstate="Runnable" seed="917144135" result="Passed" start-time="2026-06-20 18:58:02Z" end-time="2026-06-20 18:58:02Z" duration="0.000977" asserts="0">
          <properties>
            <property name="_JOINTYPE" value="UnityCombinatorial" />
            <property name="retryIteration" value="0" />
            <property name="repeatIteration" value="0" />
          </properties>
        </test-case>
        <test-case id="1027" name="UpdateScore_Zero_Displays0000000" fullname="GameScreenScoreWidgetTests.UpdateScore_Zero_Displays0000000" methodname="UpdateScore_Zero_Displays0000000" classname="GameScreenScoreWidgetTests" runstate="Runnable" seed="1421921376" result="Passed" start-time="2026-06-20 18:58:02Z" end-time="2026-06-20 18:58:02Z" duration="0.000874" asserts="0">
          <properties>
            <property name="_JOINTYPE" value="UnityCombinatorial" />
            <property name="retryIteration" value="0" />
            <property name="repeatIteration" value="0" />
          </properties>
        </test-case>
      </test-suite>
      <test-suite type="TestFixture" id="1033" name="GameScreenTests" fullname="GameScreenTests" classname="GameScreenTests" runstate="Runnable" testcasecount="10" result="Passed" start-time="2026-06-20 18:58:02Z" end-time="2026-06-20 18:58:02Z" duration="0.009959" total="10" passed="10" failed="0" inconclusive="0" skipped="0" asserts="0">
        <properties />
        <test-case id="1039" name="BaseScreen_IsVisible_StartsFalse" fullname="GameScreenTests.BaseScreen_IsVisible_StartsFalse" methodname="BaseScreen_IsVisible_StartsFalse" classname="GameScreenTests" runstate="Runnable" seed="1653604013" result="Passed" start-time="2026-06-20 18:58:02Z" end-time="2026-06-20 18:58:02Z" duration="0.000895" asserts="0">
          <properties>
            <property name="_JOINTYPE" value="UnityCombinatorial" />
            <property name="retryIteration" value="0" />
            <property name="repeatIteration" value="0" />
          </properties>
        </test-case>
        <test-case id="1035" name="Hide_MakesScreenInvisible" fullname="GameScreenTests.Hide_MakesScreenInvisible" methodname="Hide_MakesScreenInvisible" classname="GameScreenTests" runstate="Runnable" seed="821077642" result="Passed" start-time="2026-06-20 18:58:02Z" end-time="2026-06-20 18:58:02Z" duration="0.001485" asserts="0">
          <properties>
            <property name="_JOINTYPE" value="UnityCombinatorial" />
            <property name="retryIteration" value="0" />
            <property name="repeatIteration" value="0" />
          </properties>
        </test-case>
        <test-case id="1037" name="LayoutRegions_ExistAndQueryable" fullname="GameScreenTests.LayoutRegions_ExistAndQueryable" methodname="LayoutRegions_ExistAndQueryable" classname="GameScreenTests" runstate="Runnable" seed="1340082617" result="Passed" start-time="2026-06-20 18:58:02Z" end-time="2026-06-20 18:58:02Z" duration="0.000759" asserts="0">
          <properties>
            <property name="_JOINTYPE" value="UnityCombinatorial" />
            <property name="retryIteration" value="0" />
            <property name="repeatIteration" value="0" />
          </properties>
        </test-case>
        <test-case id="1038" name="PublicRegionProperties_ReturnValidElements" fullname="GameScreenTests.PublicRegionProperties_ReturnValidElements" methodname="PublicRegionProperties_ReturnValidElements" classname="GameScreenTests" runstate="Runnable" seed="318390948" result="Passed" start-time="2026-06-20 18:58:02Z" end-time="2026-06-20 18:58:02Z" duration="0.000642" asserts="0">
          <properties>
            <property name="_JOINTYPE" value="UnityCombinatorial" />
            <property name="retryIteration" value="0" />
            <property name="repeatIteration" value="0" />
          </properties>
        </test-case>
        <test-case id="1042" name="RootVisualElement_DisplayIsFlexAfterShow" fullname="GameScreenTests.RootVisualElement_DisplayIsFlexAfterShow" methodname="RootVisualElement_DisplayIsFlexAfterShow" classname="GameScreenTests" runstate="Runnable" seed="1994153895" result="Passed" start-time="2026-06-20 18:58:02Z" end-time="2026-06-20 18:58:02Z" duration="0.001281" asserts="0">
          <properties>
            <property name="_JOINTYPE" value="UnityCombinatorial" />
            <property name="retryIteration" value="0" />
            <property name="repeatIteration" value="0" />
          </properties>
        </test-case>
        <test-case id="1043" name="RootVisualElement_DisplayIsNoneAfterHide" fullname="GameScreenTests.RootVisualElement_DisplayIsNoneAfterHide" methodname="RootVisualElement_DisplayIsNoneAfterHide" classname="GameScreenTests" runstate="Runnable" seed="524995758" result="Passed" start-time="2026-06-20 18:58:02Z" end-time="2026-06-20 18:58:02Z" duration="0.000726" asserts="0">
          <properties>
            <property name="_JOINTYPE" value="UnityCombinatorial" />
            <property name="retryIteration" value="0" />
            <property name="repeatIteration" value="0" />
          </properties>
        </test-case>
        <test-case id="1041" name="RootVisualElement_HasTransparentBackground" fullname="GameScreenTests.RootVisualElement_HasTransparentBackground" methodname="RootVisualElement_HasTransparentBackground" classname="GameScreenTests" runstate="Runnable" seed="442937121" result="Passed" start-time="2026-06-20 18:58:02Z" end-time="2026-06-20 18:58:02Z" duration="0.000586" asserts="0">
          <properties>
            <property name="_JOINTYPE" value="UnityCombinatorial" />
            <property name="retryIteration" value="0" />
            <property name="repeatIteration" value="0" />
          </properties>
        </test-case>
        <test-case id="1036" name="Screen_HasNoCanvasComponent" fullname="GameScreenTests.Screen_HasNoCanvasComponent" methodname="Screen_HasNoCanvasComponent" classname="GameScreenTests" runstate="Runnable" seed="326087586" result="Passed" start-time="2026-06-20 18:58:02Z" end-time="2026-06-20 18:58:02Z" duration="0.000799" asserts="0">
          <properties>
            <property name="_JOINTYPE" value="UnityCombinatorial" />
            <property name="retryIteration" value="0" />
            <property name="repeatIteration" value="0" />
          </properties>
        </test-case>
        <test-case id="1040" name="Show_Hide_Show_CyclesCorrectly" fullname="GameScreenTests.Show_Hide_Show_CyclesCorrectly" methodname="Show_Hide_Show_CyclesCorrectly" classname="GameScreenTests" runstate="Runnable" seed="1436404119" result="Passed" start-time="2026-06-20 18:58:02Z" end-time="2026-06-20 18:58:02Z" duration="0.001090" asserts="0">
          <properties>
            <property name="_JOINTYPE" value="UnityCombinatorial" />
            <property name="retryIteration" value="0" />
            <property name="repeatIteration" value="0" />
          </properties>
        </test-case>
        <test-case id="1034" name="Show_MakesScreenVisible" fullname="GameScreenTests.Show_MakesScreenVisible" methodname="Show_MakesScreenVisible" classname="GameScreenTests" runstate="Runnable" seed="705611022" result="Passed" start-time="2026-06-20 18:58:02Z" end-time="2026-06-20 18:58:02Z" duration="0.000645" asserts="0">
          <properties>
            <property name="_JOINTYPE" value="UnityCombinatorial" />
            <property name="retryIteration" value="0" />
            <property name="repeatIteration" value="0" />
          </properties>
        </test-case>
      </test-suite>
      <test-suite type="TestFixture" id="1056" name="InitialsEntryOverlayPlayModeTests" fullname="InitialsEntryOverlayPlayModeTests" classname="InitialsEntryOverlayPlayModeTests" runstate="Runnable" testcasecount="9" result="Passed" start-time="2026-06-20 18:58:02Z" end-time="2026-06-20 18:58:02Z" duration="0.008992" total="9" passed="9" failed="0" inconclusive="0" skipped="0" asserts="0">
        <properties />
        <test-case id="1062" name="BaseScreen_IsVisible_StartsFalse" fullname="InitialsEntryOverlayPlayModeTests.BaseScreen_IsVisible_StartsFalse" methodname="BaseScreen_IsVisible_StartsFalse" classname="InitialsEntryOverlayPlayModeTests" runstate="Runnable" seed="1609306470" result="Passed" start-time="2026-06-20 18:58:02Z" end-time="2026-06-20 18:58:02Z" duration="0.001273" asserts="0">
          <properties>
            <property name="_JOINTYPE" value="UnityCombinatorial" />
            <property name="retryIteration" value="0" />
            <property name="repeatIteration" value="0" />
          </properties>
        </test-case>
        <test-case id="1064" name="ConfirmRegion_HiddenInitially" fullname="InitialsEntryOverlayPlayModeTests.ConfirmRegion_HiddenInitially" methodname="ConfirmRegion_HiddenInitially" classname="InitialsEntryOverlayPlayModeTests" runstate="Runnable" seed="698364077" result="Passed" start-time="2026-06-20 18:58:02Z" end-time="2026-06-20 18:58:02Z" duration="0.001065" asserts="0">
          <properties>
            <property name="_JOINTYPE" value="UnityCombinatorial" />
            <property name="retryIteration" value="0" />
            <property name="repeatIteration" value="0" />
          </properties>
        </test-case>
        <test-case id="1059" name="Hide_MakesScreenInvisible" fullname="InitialsEntryOverlayPlayModeTests.Hide_MakesScreenInvisible" methodname="Hide_MakesScreenInvisible" classname="InitialsEntryOverlayPlayModeTests" runstate="Runnable" seed="182953870" result="Passed" start-time="2026-06-20 18:58:02Z" end-time="2026-06-20 18:58:02Z" duration="0.000716" asserts="0">
          <properties>
            <property name="_JOINTYPE" value="UnityCombinatorial" />
            <property name="retryIteration" value="0" />
            <property name="repeatIteration" value="0" />
          </properties>
        </test-case>
        <test-case id="1065" name="LayoutElements_Exist" fullname="InitialsEntryOverlayPlayModeTests.LayoutElements_Exist" methodname="LayoutElements_Exist" classname="InitialsEntryOverlayPlayModeTests" runstate="Runnable" seed="1841346189" result="Passed" start-time="2026-06-20 18:58:02Z" end-time="2026-06-20 18:58:02Z" duration="0.000644" asserts="0">
          <properties>
            <property name="_JOINTYPE" value="UnityCombinatorial" />
            <property name="retryIteration" value="0" />
            <property name="repeatIteration" value="0" />
          </properties>
        </test-case>
        <test-case id="1061" name="OnInitialsSubmitted_FiresWithCorrectValues" fullname="InitialsEntryOverlayPlayModeTests.OnInitialsSubmitted_FiresWithCorrectValues" methodname="OnInitialsSubmitted_FiresWithCorrectValues" classname="InitialsEntryOverlayPlayModeTests" runstate="Runnable" seed="2055118671" result="Passed" start-time="2026-06-20 18:58:02Z" end-time="2026-06-20 18:58:02Z" duration="0.000849" asserts="0">
          <properties>
            <property name="_JOINTYPE" value="UnityCombinatorial" />
            <property name="retryIteration" value="0" />
            <property name="repeatIteration" value="0" />
          </properties>
        </test-case>
        <test-case id="1060" name="Screen_HasNoCanvasComponent" fullname="InitialsEntryOverlayPlayModeTests.Screen_HasNoCanvasComponent" methodname="Screen_HasNoCanvasComponent" classname="InitialsEntryOverlayPlayModeTests" runstate="Runnable" seed="1252890851" result="Passed" start-time="2026-06-20 18:58:02Z" end-time="2026-06-20 18:58:02Z" duration="0.000687" asserts="0">
          <properties>
            <property name="_JOINTYPE" value="UnityCombinatorial" />
            <property name="retryIteration" value="0" />
            <property name="repeatIteration" value="0" />
          </properties>
        </test-case>
        <test-case id="1063" name="Show_Hide_Show_CyclesCorrectly" fullname="InitialsEntryOverlayPlayModeTests.Show_Hide_Show_CyclesCorrectly" methodname="Show_Hide_Show_CyclesCorrectly" classname="InitialsEntryOverlayPlayModeTests" runstate="Runnable" seed="476633284" result="Passed" start-time="2026-06-20 18:58:02Z" end-time="2026-06-20 18:58:02Z" duration="0.000996" asserts="0">
          <properties>
            <property name="_JOINTYPE" value="UnityCombinatorial" />
            <property name="retryIteration" value="0" />
            <property name="repeatIteration" value="0" />
          </properties>
        </test-case>
        <test-case id="1058" name="ShowForScore_CursorOnSlot0" fullname="InitialsEntryOverlayPlayModeTests.ShowForScore_CursorOnSlot0" methodname="ShowForScore_CursorOnSlot0" classname="InitialsEntryOverlayPlayModeTests" runstate="Runnable" seed="1774933742" result="Passed" start-time="2026-06-20 18:58:02Z" end-time="2026-06-20 18:58:02Z" duration="0.000853" asserts="0">
          <properties>
            <property name="_JOINTYPE" value="UnityCombinatorial" />
            <property name="retryIteration" value="0" />
            <property name="repeatIteration" value="0" />
          </properties>
        </test-case>
        <test-case id="1057" name="ShowForScore_ResetsToAAA" fullname="InitialsEntryOverlayPlayModeTests.ShowForScore_ResetsToAAA" methodname="ShowForScore_ResetsToAAA" classname="InitialsEntryOverlayPlayModeTests" runstate="Runnable" seed="819204594" result="Passed" start-time="2026-06-20 18:58:02Z" end-time="2026-06-20 18:58:02Z" duration="0.000902" asserts="0">
          <properties>
            <property name="_JOINTYPE" value="UnityCombinatorial" />
            <property name="retryIteration" value="0" />
            <property name="repeatIteration" value="0" />
          </properties>
        </test-case>
      </test-suite>
      <test-suite type="TestFixture" id="1066" name="PlayfieldRendererTests" fullname="PlayfieldRendererTests" classname="PlayfieldRendererTests" runstate="Runnable" testcasecount="13" result="Passed" start-time="2026-06-20 18:58:02Z" end-time="2026-06-20 18:58:02Z" duration="0.037407" total="13" passed="13" failed="0" inconclusive="0" skipped="0" asserts="0">
        <properties />
        <test-case id="1069" name="PlayfieldRenderer_Awake_CellsHaveCorrectNames" fullname="PlayfieldRendererTests.PlayfieldRenderer_Awake_CellsHaveCorrectNames" methodname="PlayfieldRenderer_Awake_CellsHaveCorrectNames" classname="PlayfieldRendererTests" runstate="Runnable" seed="230543469" result="Passed" start-time="2026-06-20 18:58:02Z" end-time="2026-06-20 18:58:02Z" duration="0.004667" asserts="0">
          <properties>
            <property name="_JOINTYPE" value="UnityCombinatorial" />
            <property name="retryIteration" value="0" />
            <property name="repeatIteration" value="0" />
          </properties>
        </test-case>
        <test-case id="1067" name="PlayfieldRenderer_Awake_CreatesCorrectNumberOfCells" fullname="PlayfieldRendererTests.PlayfieldRenderer_Awake_CreatesCorrectNumberOfCells" methodname="PlayfieldRenderer_Awake_CreatesCorrectNumberOfCells" classname="PlayfieldRendererTests" runstate="Runnable" seed="1727720763" result="Passed" start-time="2026-06-20 18:58:02Z" end-time="2026-06-20 18:58:02Z" duration="0.003174" asserts="0">
          <properties>
            <property name="_JOINTYPE" value="UnityCombinatorial" />
            <property name="retryIteration" value="0" />
            <property name="repeatIteration" value="0" />
          </properties>
        </test-case>
        <test-case id="1068" name="PlayfieldRenderer_Awake_CreatesWellBorder" fullname="PlayfieldRendererTests.PlayfieldRenderer_Awake_CreatesWellBorder" methodname="PlayfieldRenderer_Awake_CreatesWellBorder" classname="PlayfieldRendererTests" runstate="Runnable" seed="1266868748" result="Passed" start-time="2026-06-20 18:58:02Z" end-time="2026-06-20 18:58:02Z" duration="0.002113" asserts="0">
          <properties>
            <property name="_JOINTYPE" value="UnityCombinatorial" />
            <property name="retryIteration" value="0" />
            <property name="repeatIteration" value="0" />
          </properties>
        </test-case>
        <test-case id="1070" name="PlayfieldRenderer_Awake_EachCellHasSpriteRenderer" fullname="PlayfieldRendererTests.PlayfieldRenderer_Awake_EachCellHasSpriteRenderer" methodname="PlayfieldRenderer_Awake_EachCellHasSpriteRenderer" classname="PlayfieldRendererTests" runstate="Runnable" seed="905281415" result="Passed" start-time="2026-06-20 18:58:02Z" end-time="2026-06-20 18:58:02Z" duration="0.002583" asserts="0">
          <properties>
            <property name="_JOINTYPE" value="UnityCombinatorial" />
            <property name="retryIteration" value="0" />
            <property name="repeatIteration" value="0" />
          </properties>
        </test-case>
        <test-case id="1079" name="PlayfieldRenderer_BlockSpritesNull_DoesNotThrow" fullname="PlayfieldRendererTests.PlayfieldRenderer_BlockSpritesNull_DoesNotThrow" methodname="PlayfieldRenderer_BlockSpritesNull_DoesNotThrow" classname="PlayfieldRendererTests" runstate="Runnable" seed="1916175966" result="Passed" start-time="2026-06-20 18:58:02Z" end-time="2026-06-20 18:58:02Z" duration="0.002002" asserts="0">
          <properties>
            <property name="_JOINTYPE" value="UnityCombinatorial" />
            <property name="retryIteration" value="0" />
            <property name="repeatIteration" value="0" />
          </properties>
        </test-case>
        <test-case id="1074" name="PlayfieldRenderer_BorderIsBehindGrid" fullname="PlayfieldRendererTests.PlayfieldRenderer_BorderIsBehindGrid" methodname="PlayfieldRenderer_BorderIsBehindGrid" classname="PlayfieldRendererTests" runstate="Runnable" seed="695744328" result="Passed" start-time="2026-06-20 18:58:02Z" end-time="2026-06-20 18:58:02Z" duration="0.002189" asserts="0">
          <properties>
            <property name="_JOINTYPE" value="UnityCombinatorial" />
            <property name="retryIteration" value="0" />
            <property name="repeatIteration" value="0" />
          </properties>
        </test-case>
        <test-case id="1073" name="PlayfieldRenderer_CellsArePositionedCorrectly" fullname="PlayfieldRendererTests.PlayfieldRenderer_CellsArePositionedCorrectly" methodname="PlayfieldRenderer_CellsArePositionedCorrectly" classname="PlayfieldRendererTests" runstate="Runnable" seed="176812758" result="Passed" start-time="2026-06-20 18:58:02Z" end-time="2026-06-20 18:58:02Z" duration="0.002671" asserts="0">
          <properties>
            <property name="_JOINTYPE" value="UnityCombinatorial" />
            <property name="retryIteration" value="0" />
            <property name="repeatIteration" value="0" />
          </properties>
        </test-case>
        <test-case id="1071" name="PlayfieldRenderer_CellSize_DefaultIs0_5" fullname="PlayfieldRendererTests.PlayfieldRenderer_CellSize_DefaultIs0_5" methodname="PlayfieldRenderer_CellSize_DefaultIs0_5" classname="PlayfieldRendererTests" runstate="Runnable" seed="1612675589" result="Passed" start-time="2026-06-20 18:58:02Z" end-time="2026-06-20 18:58:02Z" duration="0.002265" asserts="0">
          <properties>
            <property name="_JOINTYPE" value="UnityCombinatorial" />
            <property name="retryIteration" value="0" />
            <property name="repeatIteration" value="0" />
          </properties>
        </test-case>
        <test-case id="1076" name="PlayfieldRenderer_EmptyCellsShowEmptySprite" fullname="PlayfieldRendererTests.PlayfieldRenderer_EmptyCellsShowEmptySprite" methodname="PlayfieldRenderer_EmptyCellsShowEmptySprite" classname="PlayfieldRendererTests" runstate="Runnable" seed="315649386" result="Passed" start-time="2026-06-20 18:58:02Z" end-time="2026-06-20 18:58:02Z" duration="0.003103" asserts="0">
          <properties>
            <property name="_JOINTYPE" value="UnityCombinatorial" />
            <property name="retryIteration" value="0" />
            <property name="repeatIteration" value="0" />
          </properties>
        </test-case>
        <test-case id="1077" name="PlayfieldRenderer_OnStateChanged_TriggersReRender" fullname="PlayfieldRendererTests.PlayfieldRenderer_OnStateChanged_TriggersReRender" methodname="PlayfieldRenderer_OnStateChanged_TriggersReRender" classname="PlayfieldRendererTests" runstate="Runnable" seed="488412366" result="Passed" start-time="2026-06-20 18:58:02Z" end-time="2026-06-20 18:58:02Z" duration="0.002899" asserts="0">
          <properties>
            <property name="_JOINTYPE" value="UnityCombinatorial" />
            <property name="retryIteration" value="0" />
            <property name="repeatIteration" value="0" />
          </properties>
        </test-case>
        <test-case id="1072" name="PlayfieldRenderer_OriginOffset_DefaultIsZero" fullname="PlayfieldRendererTests.PlayfieldRenderer_OriginOffset_DefaultIsZero" methodname="PlayfieldRenderer_OriginOffset_DefaultIsZero" classname="PlayfieldRendererTests" runstate="Runnable" seed="1609671932" result="Passed" start-time="2026-06-20 18:58:02Z" end-time="2026-06-20 18:58:02Z" duration="0.002149" asserts="0">
          <properties>
            <property name="_JOINTYPE" value="UnityCombinatorial" />
            <property name="retryIteration" value="0" />
            <property name="repeatIteration" value="0" />
          </properties>
        </test-case>
        <test-case id="1075" name="PlayfieldRenderer_RendersLockedCells" fullname="PlayfieldRendererTests.PlayfieldRenderer_RendersLockedCells" methodname="PlayfieldRenderer_RendersLockedCells" classname="PlayfieldRendererTests" runstate="Runnable" seed="976279767" result="Passed" start-time="2026-06-20 18:58:02Z" end-time="2026-06-20 18:58:02Z" duration="0.002840" asserts="0">
          <properties>
            <property name="_JOINTYPE" value="UnityCombinatorial" />
            <property name="retryIteration" value="0" />
            <property name="repeatIteration" value="0" />
          </properties>
        </test-case>
        <test-case id="1078" name="PlayfieldRenderer_WithoutGameplayController_DoesNotThrow" fullname="PlayfieldRendererTests.PlayfieldRenderer_WithoutGameplayController_DoesNotThrow" methodname="PlayfieldRenderer_WithoutGameplayController_DoesNotThrow" classname="PlayfieldRendererTests" runstate="Runnable" seed="13222246" result="Passed" start-time="2026-06-20 18:58:02Z" end-time="2026-06-20 18:58:02Z" duration="0.003253" asserts="0">
          <properties>
            <property name="_JOINTYPE" value="UnityCombinatorial" />
            <property name="retryIteration" value="0" />
            <property name="repeatIteration" value="0" />
          </properties>
        </test-case>
      </test-suite>
      <test-suite type="TestFixture" id="1080" name="QAIntegrationTests" fullname="QAIntegrationTests" classname="QAIntegrationTests" runstate="Runnable" testcasecount="15" result="Failed" site="Child" start-time="2026-06-20 18:58:02Z" end-time="2026-06-20 18:58:02Z" duration="0.582173" total="15" passed="14" failed="1" inconclusive="0" skipped="0" asserts="0">
        <properties />
        <failure>
          <message><![CDATA[One or more child tests had errors]]></message>
        </failure>
        <test-case id="1081" name="Integration_Controller_InitialStateCorrect" fullname="QAIntegrationTests.Integration_Controller_InitialStateCorrect" methodname="Integration_Controller_InitialStateCorrect" classname="QAIntegrationTests" runstate="Runnable" seed="635045214" result="Passed" start-time="2026-06-20 18:58:02Z" end-time="2026-06-20 18:58:02Z" duration="0.008947" asserts="0">
          <properties>
            <property name="_JOINTYPE" value="UnityCombinatorial" />
            <property name="retryIteration" value="0" />
            <property name="repeatIteration" value="0" />
          </properties>
        </test-case>
        <test-case id="1093" name="Integration_Controller_TickStability_NoCrash" fullname="QAIntegrationTests.Integration_Controller_TickStability_NoCrash" methodname="Integration_Controller_TickStability_NoCrash" classname="QAIntegrationTests" runstate="Runnable" seed="43181081" result="Passed" start-time="2026-06-20 18:58:02Z" end-time="2026-06-20 18:58:02Z" duration="0.052388" asserts="0">
          <properties>
            <property name="_JOINTYPE" value="UnityCombinatorial" />
            <property name="retryIteration" value="0" />
            <property name="repeatIteration" value="0" />
          </properties>
        </test-case>
        <test-case id="1084" name="Integration_GameOver_EventFiresWithScore" fullname="QAIntegrationTests.Integration_GameOver_EventFiresWithScore" methodname="Integration_GameOver_EventFiresWithScore" classname="QAIntegrationTests" runstate="Runnable" seed="2093835349" result="Failed" start-time="2026-06-20 18:58:02Z" end-time="2026-06-20 18:58:02Z" duration="0.505399" asserts="0">
          <properties>
            <property name="_JOINTYPE" value="UnityCombinatorial" />
            <property name="retryIteration" value="0" />
            <property name="repeatIteration" value="0" />
          </properties>
          <failure>
            <message><![CDATA[  OnGameOver should fire with a score >= 0
  Expected: greater than or equal to 0
  But was:  -1
]]></message>
            <stack-trace><![CDATA[at QAIntegrationTests+<Integration_GameOver_EventFiresWithScore>d__7.MoveNext () [0x0011e] in C:\Users\Zeke\Git\ai-game-factory\Tools\workspace\gamefactory_nes-style-tetris-web-browser-game-7651\Assets\Game\Tests\PlayMode\QAIntegrationTests.cs:109
at UnityEngine.TestTools.TestEnumerator+<Execute>d__7.MoveNext () [0x0003a] in .\Library\PackageCache\com.unity.test-framework@76560ee600cb\UnityEngine.TestRunner\NUnitExtensions\Attributes\TestEnumerator.cs:44
]]></stack-trace>
          </failure>
        </test-case>
        <test-case id="1091" name="Integration_Gravity_ClampsAtLevel29" fullname="QAIntegrationTests.Integration_Gravity_ClampsAtLevel29" methodname="Integration_Gravity_ClampsAtLevel29" classname="QAIntegrationTests" runstate="Runnable" seed="1320705387" result="Passed" start-time="2026-06-20 18:58:02Z" end-time="2026-06-20 18:58:02Z" duration="0.001601" asserts="0">
          <properties>
            <property name="retryIteration" value="0" />
            <property name="repeatIteration" value="0" />
          </properties>
        </test-case>
        <test-case id="1090" name="Integration_Gravity_FramesPerRowDecreases" fullname="QAIntegrationTests.Integration_Gravity_FramesPerRowDecreases" methodname="Integration_Gravity_FramesPerRowDecreases" classname="QAIntegrationTests" runstate="Runnable" seed="760182728" result="Passed" start-time="2026-06-20 18:58:02Z" end-time="2026-06-20 18:58:02Z" duration="0.000253" asserts="0">
          <properties>
            <property name="retryIteration" value="0" />
            <property name="repeatIteration" value="0" />
          </properties>
        </test-case>
        <test-case id="1089" name="Integration_LevelProgression_CorrectCalculation" fullname="QAIntegrationTests.Integration_LevelProgression_CorrectCalculation" methodname="Integration_LevelProgression_CorrectCalculation" classname="QAIntegrationTests" runstate="Runnable" seed="939200337" result="Passed" start-time="2026-06-20 18:58:02Z" end-time="2026-06-20 18:58:02Z" duration="0.000226" asserts="0">
          <properties>
            <property name="retryIteration" value="0" />
            <property name="repeatIteration" value="0" />
          </properties>
        </test-case>
        <test-case id="1095" name="Integration_MultipleRestarts_ResetProperly" fullname="QAIntegrationTests.Integration_MultipleRestarts_ResetProperly" methodname="Integration_MultipleRestarts_ResetProperly" classname="QAIntegrationTests" runstate="Runnable" seed="1028583991" result="Passed" start-time="2026-06-20 18:58:02Z" end-time="2026-06-20 18:58:02Z" duration="0.008052" asserts="0">
          <properties>
            <property name="_JOINTYPE" value="UnityCombinatorial" />
            <property name="retryIteration" value="0" />
            <property name="repeatIteration" value="0" />
          </properties>
        </test-case>
        <test-case id="1092" name="Integration_Playfield_DimensionsCorrect" fullname="QAIntegrationTests.Integration_Playfield_DimensionsCorrect" methodname="Integration_Playfield_DimensionsCorrect" classname="QAIntegrationTests" runstate="Runnable" seed="1351726006" result="Passed" start-time="2026-06-20 18:58:02Z" end-time="2026-06-20 18:58:02Z" duration="0.000181" asserts="0">
          <properties>
            <property name="retryIteration" value="0" />
            <property name="repeatIteration" value="0" />
          </properties>
        </test-case>
        <test-case id="1094" name="Integration_Randomizer_ProducesValidPieces" fullname="QAIntegrationTests.Integration_Randomizer_ProducesValidPieces" methodname="Integration_Randomizer_ProducesValidPieces" classname="QAIntegrationTests" runstate="Runnable" seed="1518310486" result="Passed" start-time="2026-06-20 18:58:02Z" end-time="2026-06-20 18:58:02Z" duration="0.000939" asserts="0">
          <properties>
            <property name="_JOINTYPE" value="UnityCombinatorial" />
            <property name="retryIteration" value="0" />
            <property name="repeatIteration" value="0" />
          </properties>
        </test-case>
        <test-case id="1085" name="Integration_Scoring_SingleLineLevel0" fullname="QAIntegrationTests.Integration_Scoring_SingleLineLevel0" methodname="Integration_Scoring_SingleLineLevel0" classname="QAIntegrationTests" runstate="Runnable" seed="1949876093" result="Passed" start-time="2026-06-20 18:58:02Z" end-time="2026-06-20 18:58:02Z" duration="0.000165" asserts="0">
          <properties>
            <property name="retryIteration" value="0" />
            <property name="repeatIteration" value="0" />
          </properties>
        </test-case>
        <test-case id="1087" name="Integration_Scoring_SingleLineLevel9" fullname="QAIntegrationTests.Integration_Scoring_SingleLineLevel9" methodname="Integration_Scoring_SingleLineLevel9" classname="QAIntegrationTests" runstate="Runnable" seed="528979934" result="Passed" start-time="2026-06-20 18:58:02Z" end-time="2026-06-20 18:58:02Z" duration="0.000109" asserts="0">
          <properties>
            <property name="retryIteration" value="0" />
            <property name="repeatIteration" value="0" />
          </properties>
        </test-case>
        <test-case id="1086" name="Integration_Scoring_TetrisLevel0" fullname="QAIntegrationTests.Integration_Scoring_TetrisLevel0" methodname="Integration_Scoring_TetrisLevel0" classname="QAIntegrationTests" runstate="Runnable" seed="584064537" result="Passed" start-time="2026-06-20 18:58:02Z" end-time="2026-06-20 18:58:02Z" duration="0.000089" asserts="0">
          <properties>
            <property name="retryIteration" value="0" />
            <property name="repeatIteration" value="0" />
          </properties>
        </test-case>
        <test-case id="1088" name="Integration_Scoring_ZeroLinesReturnsZero" fullname="QAIntegrationTests.Integration_Scoring_ZeroLinesReturnsZero" methodname="Integration_Scoring_ZeroLinesReturnsZero" classname="QAIntegrationTests" runstate="Runnable" seed="626051514" result="Passed" start-time="2026-06-20 18:58:02Z" end-time="2026-06-20 18:58:02Z" duration="0.000094" asserts="0">
          <properties>
            <property name="retryIteration" value="0" />
            <property name="repeatIteration" value="0" />
          </properties>
        </test-case>
        <test-case id="1082" name="Integration_StartGame_ResetsState" fullname="QAIntegrationTests.Integration_StartGame_ResetsState" methodname="Integration_StartGame_ResetsState" classname="QAIntegrationTests" runstate="Runnable" seed="813142967" result="Passed" start-time="2026-06-20 18:58:02Z" end-time="2026-06-20 18:58:02Z" duration="0.000834" asserts="0">
          <properties>
            <property name="_JOINTYPE" value="UnityCombinatorial" />
            <property name="retryIteration" value="0" />
            <property name="repeatIteration" value="0" />
          </properties>
        </test-case>
        <test-case id="1083" name="Integration_StartGame_SpawnsPiece" fullname="QAIntegrationTests.Integration_StartGame_SpawnsPiece" methodname="Integration_StartGame_SpawnsPiece" classname="QAIntegrationTests" runstate="Runnable" seed="818717226" result="Passed" start-time="2026-06-20 18:58:02Z" end-time="2026-06-20 18:58:02Z" duration="0.000719" asserts="0">
          <properties>
            <property name="_JOINTYPE" value="UnityCombinatorial" />
            <property name="retryIteration" value="0" />
            <property name="repeatIteration" value="0" />
          </properties>
        </test-case>
      </test-suite>
      <test-suite type="TestFixture" id="1096" name="SceneBootstrapperTests" fullname="SceneBootstrapperTests" classname="SceneBootstrapperTests" runstate="Runnable" testcasecount="16" result="Passed" start-time="2026-06-20 18:58:02Z" end-time="2026-06-20 18:58:03Z" duration="0.054484" total="16" passed="16" failed="0" inconclusive="0" skipped="0" asserts="0">
        <properties />
        <test-case id="1111" name="Awake_DoesNotThrow_WhenReferencesNull" fullname="SceneBootstrapperTests.Awake_DoesNotThrow_WhenReferencesNull" methodname="Awake_DoesNotThrow_WhenReferencesNull" classname="SceneBootstrapperTests" runstate="Runnable" seed="758278262" result="Passed" start-time="2026-06-20 18:58:02Z" end-time="2026-06-20 18:58:03Z" duration="0.033218" asserts="0">
          <properties>
            <property name="_JOINTYPE" value="UnityCombinatorial" />
            <property name="retryIteration" value="0" />
            <property name="repeatIteration" value="0" />
          </properties>
          <output><![CDATA[[SceneBootstrapper] gameplayController is not assigned!
[SceneBootstrapper] startScreen is not assigned!
[SceneBootstrapper] gameScreen is not assigned!
[SceneBootstrapper] gameOverScreen is not assigned!
[SceneBootstrapper] initialsEntryOverlay is not assigned!
[SceneBootstrapper] scoreWidget is not assigned!
[SceneBootstrapper] levelWidget is not assigned!
[SceneBootstrapper] linesWidget is not assigned!
[SceneBootstrapper] nextWidget is not assigned!
[SceneBootstrapper] leaderboardWidget is not assigned!
]]></output>
        </test-case>
        <test-case id="1098" name="Awake_HidesGameOverScreen" fullname="SceneBootstrapperTests.Awake_HidesGameOverScreen" methodname="Awake_HidesGameOverScreen" classname="SceneBootstrapperTests" runstate="Runnable" seed="1327507160" result="Passed" start-time="2026-06-20 18:58:03Z" end-time="2026-06-20 18:58:03Z" duration="0.001468" asserts="0">
          <properties>
            <property name="_JOINTYPE" value="UnityCombinatorial" />
            <property name="retryIteration" value="0" />
            <property name="repeatIteration" value="0" />
          </properties>
        </test-case>
        <test-case id="1097" name="Awake_HidesGameScreen" fullname="SceneBootstrapperTests.Awake_HidesGameScreen" methodname="Awake_HidesGameScreen" classname="SceneBootstrapperTests" runstate="Runnable" seed="39277655" result="Passed" start-time="2026-06-20 18:58:03Z" end-time="2026-06-20 18:58:03Z" duration="0.000875" asserts="0">
          <properties>
            <property name="_JOINTYPE" value="UnityCombinatorial" />
            <property name="retryIteration" value="0" />
            <property name="repeatIteration" value="0" />
          </properties>
        </test-case>
        <test-case id="1099" name="Awake_HidesInitialsOverlay" fullname="SceneBootstrapperTests.Awake_HidesInitialsOverlay" methodname="Awake_HidesInitialsOverlay" classname="SceneBootstrapperTests" runstate="Runnable" seed="868881447" result="Passed" start-time="2026-06-20 18:58:03Z" end-time="2026-06-20 18:58:03Z" duration="0.001042" asserts="0">
          <properties>
            <property name="_JOINTYPE" value="UnityCombinatorial" />
            <property name="retryIteration" value="0" />
            <property name="repeatIteration" value="0" />
          </properties>
        </test-case>
        <test-case id="1112" name="Awake_OnlyHidesNonNullScreens" fullname="SceneBootstrapperTests.Awake_OnlyHidesNonNullScreens" methodname="Awake_OnlyHidesNonNullScreens" classname="SceneBootstrapperTests" runstate="Runnable" seed="320176775" result="Passed" start-time="2026-06-20 18:58:03Z" end-time="2026-06-20 18:58:03Z" duration="0.001483" asserts="0">
          <properties>
            <property name="_JOINTYPE" value="UnityCombinatorial" />
            <property name="retryIteration" value="0" />
            <property name="repeatIteration" value="0" />
          </properties>
          <output><![CDATA[[SceneBootstrapper] gameplayController is not assigned!
[SceneBootstrapper] gameScreen is not assigned!
[SceneBootstrapper] gameOverScreen is not assigned!
[SceneBootstrapper] initialsEntryOverlay is not assigned!
[SceneBootstrapper] scoreWidget is not assigned!
[SceneBootstrapper] levelWidget is not assigned!
[SceneBootstrapper] linesWidget is not assigned!
[SceneBootstrapper] nextWidget is not assigned!
[SceneBootstrapper] leaderboardWidget is not assigned!
]]></output>
        </test-case>
        <test-case id="1100" name="Awake_ShowsStartScreen" fullname="SceneBootstrapperTests.Awake_ShowsStartScreen" methodname="Awake_ShowsStartScreen" classname="SceneBootstrapperTests" runstate="Runnable" seed="791639360" result="Passed" start-time="2026-06-20 18:58:03Z" end-time="2026-06-20 18:58:03Z" duration="0.000987" asserts="0">
          <properties>
            <property name="_JOINTYPE" value="UnityCombinatorial" />
            <property name="retryIteration" value="0" />
            <property name="repeatIteration" value="0" />
          </properties>
        </test-case>
        <test-case id="1110" name="FullFlow_StartPlayGameOverContinue" fullname="SceneBootstrapperTests.FullFlow_StartPlayGameOverContinue" methodname="FullFlow_StartPlayGameOverContinue" classname="SceneBootstrapperTests" runstate="Runnable" seed="1991367332" result="Passed" start-time="2026-06-20 18:58:03Z" end-time="2026-06-20 18:58:03Z" duration="0.002060" asserts="0">
          <properties>
            <property name="_JOINTYPE" value="UnityCombinatorial" />
            <property name="retryIteration" value="0" />
            <property name="repeatIteration" value="0" />
          </properties>
        </test-case>
        <test-case id="1109" name="OnContinueRequested_HidesGameOverAndShowsStart" fullname="SceneBootstrapperTests.OnContinueRequested_HidesGameOverAndShowsStart" methodname="OnContinueRequested_HidesGameOverAndShowsStart" classname="SceneBootstrapperTests" runstate="Runnable" seed="1494391997" result="Passed" start-time="2026-06-20 18:58:03Z" end-time="2026-06-20 18:58:03Z" duration="0.001510" asserts="0">
          <properties>
            <property name="_JOINTYPE" value="UnityCombinatorial" />
            <property name="retryIteration" value="0" />
            <property name="repeatIteration" value="0" />
          </properties>
        </test-case>
        <test-case id="1108" name="OnGameOver_HidesGameScreenAndShowsGameOverScreen" fullname="SceneBootstrapperTests.OnGameOver_HidesGameScreenAndShowsGameOverScreen" methodname="OnGameOver_HidesGameScreenAndShowsGameOverScreen" classname="SceneBootstrapperTests" runstate="Runnable" seed="45047015" result="Passed" start-time="2026-06-20 18:58:03Z" end-time="2026-06-20 18:58:03Z" duration="0.001158" asserts="0">
          <properties>
            <property name="_JOINTYPE" value="UnityCombinatorial" />
            <property name="retryIteration" value="0" />
            <property name="repeatIteration" value="0" />
          </properties>
        </test-case>
        <test-case id="1107" name="OnGameStateChanged_UpdatesWidgets" fullname="SceneBootstrapperTests.OnGameStateChanged_UpdatesWidgets" methodname="OnGameStateChanged_UpdatesWidgets" classname="SceneBootstrapperTests" runstate="Runnable" seed="45729032" result="Passed" start-time="2026-06-20 18:58:03Z" end-time="2026-06-20 18:58:03Z" duration="0.001240" asserts="0">
          <properties>
            <property name="_JOINTYPE" value="UnityCombinatorial" />
            <property name="retryIteration" value="0" />
            <property name="repeatIteration" value="0" />
          </properties>
        </test-case>
        <test-case id="1106" name="OnStartRequested_CallsStartGameOnController" fullname="SceneBootstrapperTests.OnStartRequested_CallsStartGameOnController" methodname="OnStartRequested_CallsStartGameOnController" classname="SceneBootstrapperTests" runstate="Runnable" seed="833122981" result="Passed" start-time="2026-06-20 18:58:03Z" end-time="2026-06-20 18:58:03Z" duration="0.001034" asserts="0">
          <properties>
            <property name="_JOINTYPE" value="UnityCombinatorial" />
            <property name="retryIteration" value="0" />
            <property name="repeatIteration" value="0" />
          </properties>
        </test-case>
        <test-case id="1105" name="OnStartRequested_HidesStartScreenAndShowsGameScreen" fullname="SceneBootstrapperTests.OnStartRequested_HidesStartScreenAndShowsGameScreen" methodname="OnStartRequested_HidesStartScreenAndShowsGameScreen" classname="SceneBootstrapperTests" runstate="Runnable" seed="150340073" result="Passed" start-time="2026-06-20 18:58:03Z" end-time="2026-06-20 18:58:03Z" duration="0.001221" asserts="0">
          <properties>
            <property name="_JOINTYPE" value="UnityCombinatorial" />
            <property name="retryIteration" value="0" />
            <property name="repeatIteration" value="0" />
          </properties>
        </test-case>
        <test-case id="1104" name="QA_FullFlow_StartPlayGameOverStart" fullname="SceneBootstrapperTests.QA_FullFlow_StartPlayGameOverStart" methodname="QA_FullFlow_StartPlayGameOverStart" classname="SceneBootstrapperTests" runstate="Runnable" seed="814302257" result="Passed" start-time="2026-06-20 18:58:03Z" end-time="2026-06-20 18:58:03Z" duration="0.001794" asserts="0">
          <properties>
            <property name="_JOINTYPE" value="UnityCombinatorial" />
            <property name="retryIteration" value="0" />
            <property name="repeatIteration" value="0" />
          </properties>
        </test-case>
        <test-case id="1102" name="QA_GoToGameOver_HidesGameScreenAndShowsGameOverScreen" fullname="SceneBootstrapperTests.QA_GoToGameOver_HidesGameScreenAndShowsGameOverScreen" methodname="QA_GoToGameOver_HidesGameScreenAndShowsGameOverScreen" classname="SceneBootstrapperTests" runstate="Runnable" seed="1774342174" result="Passed" start-time="2026-06-20 18:58:03Z" end-time="2026-06-20 18:58:03Z" duration="0.001221" asserts="0">
          <properties>
            <property name="_JOINTYPE" value="UnityCombinatorial" />
            <property name="retryIteration" value="0" />
            <property name="repeatIteration" value="0" />
          </properties>
        </test-case>
        <test-case id="1103" name="QA_GoToStart_HidesAllScreensAndShowsStartScreen" fullname="SceneBootstrapperTests.QA_GoToStart_HidesAllScreensAndShowsStartScreen" methodname="QA_GoToStart_HidesAllScreensAndShowsStartScreen" classname="SceneBootstrapperTests" runstate="Runnable" seed="1667561784" result="Passed" start-time="2026-06-20 18:58:03Z" end-time="2026-06-20 18:58:03Z" duration="0.001048" asserts="0">
          <properties>
            <property name="_JOINTYPE" value="UnityCombinatorial" />
            <property name="retryIteration" value="0" />
            <property name="repeatIteration" value="0" />
          </properties>
        </test-case>
        <test-case id="1101" name="QA_StartGame_HidesStartScreenAndShowsGameScreen" fullname="SceneBootstrapperTests.QA_StartGame_HidesStartScreenAndShowsGameScreen" methodname="QA_StartGame_HidesStartScreenAndShowsGameScreen" classname="SceneBootstrapperTests" runstate="Runnable" seed="274658445" result="Passed" start-time="2026-06-20 18:58:03Z" end-time="2026-06-20 18:58:03Z" duration="0.001112" asserts="0">
          <properties>
            <property name="_JOINTYPE" value="UnityCombinatorial" />
            <property name="retryIteration" value="0" />
            <property name="repeatIteration" value="0" />
          </properties>
        </test-case>
      </test-suite>
      <test-suite type="TestFixture" id="1113" name="StartScreenLeaderboardWidgetTests" fullname="StartScreenLeaderboardWidgetTests" classname="StartScreenLeaderboardWidgetTests" runstate="Runnable" testcasecount="8" result="Passed" start-time="2026-06-20 18:58:03Z" end-time="2026-06-20 18:58:03Z" duration="0.010972" total="8" passed="8" failed="0" inconclusive="0" skipped="0" asserts="0">
        <properties />
        <test-case id="1121" name="Refresh_ClearsPreviousContent" fullname="StartScreenLeaderboardWidgetTests.Refresh_ClearsPreviousContent" methodname="Refresh_ClearsPreviousContent" classname="StartScreenLeaderboardWidgetTests" runstate="Runnable" seed="1476237463" result="Passed" start-time="2026-06-20 18:58:03Z" end-time="2026-06-20 18:58:03Z" duration="0.002545" asserts="0">
          <properties>
            <property name="_JOINTYPE" value="UnityCombinatorial" />
            <property name="retryIteration" value="0" />
            <property name="repeatIteration" value="0" />
          </properties>
        </test-case>
        <test-case id="1119" name="Refresh_MixedNullEntries_FillsPlaceholders" fullname="StartScreenLeaderboardWidgetTests.Refresh_MixedNullEntries_FillsPlaceholders" methodname="Refresh_MixedNullEntries_FillsPlaceholders" classname="StartScreenLeaderboardWidgetTests" runstate="Runnable" seed="281294740" result="Passed" start-time="2026-06-20 18:58:03Z" end-time="2026-06-20 18:58:03Z" duration="0.000852" asserts="0">
          <properties>
            <property name="_JOINTYPE" value="UnityCombinatorial" />
            <property name="retryIteration" value="0" />
            <property name="repeatIteration" value="0" />
          </properties>
        </test-case>
        <test-case id="1120" name="Refresh_Ranks_DisplayCorrectly" fullname="StartScreenLeaderboardWidgetTests.Refresh_Ranks_DisplayCorrectly" methodname="Refresh_Ranks_DisplayCorrectly" classname="StartScreenLeaderboardWidgetTests" runstate="Runnable" seed="1299908928" result="Passed" start-time="2026-06-20 18:58:03Z" end-time="2026-06-20 18:58:03Z" duration="0.000810" asserts="0">
          <properties>
            <property name="_JOINTYPE" value="UnityCombinatorial" />
            <property name="retryIteration" value="0" />
            <property name="repeatIteration" value="0" />
          </properties>
        </test-case>
        <test-case id="1118" name="Refresh_Scores_ZeroPaddedToSevenDigits" fullname="StartScreenLeaderboardWidgetTests.Refresh_Scores_ZeroPaddedToSevenDigits" methodname="Refresh_Scores_ZeroPaddedToSevenDigits" classname="StartScreenLeaderboardWidgetTests" runstate="Runnable" seed="563244752" result="Passed" start-time="2026-06-20 18:58:03Z" end-time="2026-06-20 18:58:03Z" duration="0.000768" asserts="0">
          <properties>
            <property name="_JOINTYPE" value="UnityCombinatorial" />
            <property name="retryIteration" value="0" />
            <property name="repeatIteration" value="0" />
          </properties>
        </test-case>
        <test-case id="1117" name="Refresh_WithEmptyArray_DisplaysAllPlaceholders" fullname="StartScreenLeaderboardWidgetTests.Refresh_WithEmptyArray_DisplaysAllPlaceholders" methodname="Refresh_WithEmptyArray_DisplaysAllPlaceholders" classname="StartScreenLeaderboardWidgetTests" runstate="Runnable" seed="2100382254" result="Passed" start-time="2026-06-20 18:58:03Z" end-time="2026-06-20 18:58:03Z" duration="0.000754" asserts="0">
          <properties>
            <property name="_JOINTYPE" value="UnityCombinatorial" />
            <property name="retryIteration" value="0" />
            <property name="repeatIteration" value="0" />
          </properties>
        </test-case>
        <test-case id="1114" name="Refresh_WithFiveEntries_DisplaysAllRows" fullname="StartScreenLeaderboardWidgetTests.Refresh_WithFiveEntries_DisplaysAllRows" methodname="Refresh_WithFiveEntries_DisplaysAllRows" classname="StartScreenLeaderboardWidgetTests" runstate="Runnable" seed="830218433" result="Passed" start-time="2026-06-20 18:58:03Z" end-time="2026-06-20 18:58:03Z" duration="0.000793" asserts="0">
          <properties>
            <property name="_JOINTYPE" value="UnityCombinatorial" />
            <property name="retryIteration" value="0" />
            <property name="repeatIteration" value="0" />
          </properties>
        </test-case>
        <test-case id="1116" name="Refresh_WithNullArray_DisplaysAllPlaceholders" fullname="StartScreenLeaderboardWidgetTests.Refresh_WithNullArray_DisplaysAllPlaceholders" methodname="Refresh_WithNullArray_DisplaysAllPlaceholders" classname="StartScreenLeaderboardWidgetTests" runstate="Runnable" seed="1413399317" result="Passed" start-time="2026-06-20 18:58:03Z" end-time="2026-06-20 18:58:03Z" duration="0.000795" asserts="0">
          <properties>
            <property name="_JOINTYPE" value="UnityCombinatorial" />
            <property name="retryIteration" value="0" />
            <property name="repeatIteration" value="0" />
          </properties>
        </test-case>
        <test-case id="1115" name="Refresh_WithTwoEntries_DisplaysTwoPlusThreePlaceholders" fullname="StartScreenLeaderboardWidgetTests.Refresh_WithTwoEntries_DisplaysTwoPlusThreePlaceholders" methodname="Refresh_WithTwoEntries_DisplaysTwoPlusThreePlaceholders" classname="StartScreenLeaderboardWidgetTests" runstate="Runnable" seed="1534942066" result="Passed" start-time="2026-06-20 18:58:03Z" end-time="2026-06-20 18:58:03Z" duration="0.000867" asserts="0">
          <properties>
            <property name="_JOINTYPE" value="UnityCombinatorial" />
            <property name="retryIteration" value="0" />
            <property name="repeatIteration" value="0" />
          </properties>
        </test-case>
      </test-suite>
      <test-suite type="TestFixture" id="1122" name="StartScreenTests" fullname="StartScreenTests" classname="StartScreenTests" runstate="Runnable" testcasecount="7" result="Passed" start-time="2026-06-20 18:58:03Z" end-time="2026-06-20 18:58:03Z" duration="0.005722" total="7" passed="7" failed="0" inconclusive="0" skipped="0" asserts="0">
        <properties />
        <test-case id="1128" name="BaseScreen_IsVisible_StartsFalse" fullname="StartScreenTests.BaseScreen_IsVisible_StartsFalse" methodname="BaseScreen_IsVisible_StartsFalse" classname="StartScreenTests" runstate="Runnable" seed="515811428" result="Passed" start-time="2026-06-20 18:58:03Z" end-time="2026-06-20 18:58:03Z" duration="0.000735" asserts="0">
          <properties>
            <property name="_JOINTYPE" value="UnityCombinatorial" />
            <property name="retryIteration" value="0" />
            <property name="repeatIteration" value="0" />
          </properties>
        </test-case>
        <test-case id="1124" name="Hide_MakesScreenInvisible" fullname="StartScreenTests.Hide_MakesScreenInvisible" methodname="Hide_MakesScreenInvisible" classname="StartScreenTests" runstate="Runnable" seed="1188443" result="Passed" start-time="2026-06-20 18:58:03Z" end-time="2026-06-20 18:58:03Z" duration="0.000871" asserts="0">
          <properties>
            <property name="_JOINTYPE" value="UnityCombinatorial" />
            <property name="retryIteration" value="0" />
            <property name="repeatIteration" value="0" />
          </properties>
        </test-case>
        <test-case id="1127" name="LayoutRegions_ExistInUXML" fullname="StartScreenTests.LayoutRegions_ExistInUXML" methodname="LayoutRegions_ExistInUXML" classname="StartScreenTests" runstate="Runnable" seed="1636504530" result="Passed" start-time="2026-06-20 18:58:03Z" end-time="2026-06-20 18:58:03Z" duration="0.000619" asserts="0">
          <properties>
            <property name="_JOINTYPE" value="UnityCombinatorial" />
            <property name="retryIteration" value="0" />
            <property name="repeatIteration" value="0" />
          </properties>
        </test-case>
        <test-case id="1125" name="RefreshLeaderboard_PassesEntriesToWidget" fullname="StartScreenTests.RefreshLeaderboard_PassesEntriesToWidget" methodname="RefreshLeaderboard_PassesEntriesToWidget" classname="StartScreenTests" runstate="Runnable" seed="1270980840" result="Passed" start-time="2026-06-20 18:58:03Z" end-time="2026-06-20 18:58:03Z" duration="0.000748" asserts="0">
          <properties>
            <property name="_JOINTYPE" value="UnityCombinatorial" />
            <property name="retryIteration" value="0" />
            <property name="repeatIteration" value="0" />
          </properties>
        </test-case>
        <test-case id="1126" name="Screen_HasNoCanvasComponent" fullname="StartScreenTests.Screen_HasNoCanvasComponent" methodname="Screen_HasNoCanvasComponent" classname="StartScreenTests" runstate="Runnable" seed="622020493" result="Passed" start-time="2026-06-20 18:58:03Z" end-time="2026-06-20 18:58:03Z" duration="0.000544" asserts="0">
          <properties>
            <property name="_JOINTYPE" value="UnityCombinatorial" />
            <property name="retryIteration" value="0" />
            <property name="repeatIteration" value="0" />
          </properties>
        </test-case>
        <test-case id="1129" name="Show_Hide_Show_CyclesCorrectly" fullname="StartScreenTests.Show_Hide_Show_CyclesCorrectly" methodname="Show_Hide_Show_CyclesCorrectly" classname="StartScreenTests" runstate="Runnable" seed="1147113267" result="Passed" start-time="2026-06-20 18:58:03Z" end-time="2026-06-20 18:58:03Z" duration="0.000823" asserts="0">
          <properties>
            <property name="_JOINTYPE" value="UnityCombinatorial" />
            <property name="retryIteration" value="0" />
            <property name="repeatIteration" value="0" />
          </properties>
        </test-case>
        <test-case id="1123" name="Show_MakesScreenVisible" fullname="StartScreenTests.Show_MakesScreenVisible" methodname="Show_MakesScreenVisible" classname="StartScreenTests" runstate="Runnable" seed="957432607" result="Passed" start-time="2026-06-20 18:58:03Z" end-time="2026-06-20 18:58:03Z" duration="0.000602" asserts="0">
          <properties>
            <property name="_JOINTYPE" value="UnityCombinatorial" />
            <property name="retryIteration" value="0" />
            <property name="repeatIteration" value="0" />
          </properties>
          <output><![CDATA[Saving results to: C:/Users/Zeke/Git/ai-game-factory/Tools/workspace/gamefactory_nes-style-tetris-web-browser-game-7651/play-results-92.xml
]]></output>
        </test-case>
      </test-suite>
    </test-suite>
  </test-suite>
</test-run>